[debug] [2023-05-16T16:19:59.489Z] ----------------------------------------------------------------------
[debug] [2023-05-16T16:19:59.491Z] Command:       C:\Program Files\nodejs\node.exe C:\Users\sanup\AppData\Roaming\npm\node_modules\firebase-tools\lib\bin\firebase.js deploy
[debug] [2023-05-16T16:19:59.491Z] CLI Version:   12.0.0
[debug] [2023-05-16T16:19:59.492Z] Platform:      win32
[debug] [2023-05-16T16:19:59.492Z] Node Version:  v18.16.0
[debug] [2023-05-16T16:19:59.493Z] Time:          Tue May 16 2023 21:49:59 GMT+0530 (India Standard Time)
[debug] [2023-05-16T16:19:59.493Z] ----------------------------------------------------------------------
[debug] 
[debug] [2023-05-16T16:19:59.562Z] > command requires scopes: ["email","openid","https://www.googleapis.com/auth/cloudplatformprojects.readonly","https://www.googleapis.com/auth/firebase","https://www.googleapis.com/auth/cloud-platform"]
[debug] [2023-05-16T16:19:59.563Z] > authorizing via signed-in user (prnvkmr954@gmail.com)
[debug] [2023-05-16T16:19:59.563Z] [iam] checking project io-extended-chandigarh for permissions ["firebase.projects.get","firebasehosting.sites.update"]
[debug] [2023-05-16T16:19:59.565Z] >>> [apiv2][query] POST https://cloudresourcemanager.googleapis.com/v1/projects/io-extended-chandigarh:testIamPermissions [none]
[debug] [2023-05-16T16:19:59.565Z] >>> [apiv2][(partial)header] POST https://cloudresourcemanager.googleapis.com/v1/projects/io-extended-chandigarh:testIamPermissions x-goog-quota-user=projects/io-extended-chandigarh
[debug] [2023-05-16T16:19:59.566Z] >>> [apiv2][body] POST https://cloudresourcemanager.googleapis.com/v1/projects/io-extended-chandigarh:testIamPermissions {"permissions":["firebase.projects.get","firebasehosting.sites.update"]}
[debug] [2023-05-16T16:20:00.868Z] <<< [apiv2][status] POST https://cloudresourcemanager.googleapis.com/v1/projects/io-extended-chandigarh:testIamPermissions 200
[debug] [2023-05-16T16:20:00.869Z] <<< [apiv2][body] POST https://cloudresourcemanager.googleapis.com/v1/projects/io-extended-chandigarh:testIamPermissions {"permissions":["firebase.projects.get","firebasehosting.sites.update"]}
[debug] [2023-05-16T16:20:00.870Z] >>> [apiv2][query] GET https://firebase.googleapis.com/v1beta1/projects/io-extended-chandigarh [none]
[debug] [2023-05-16T16:20:01.743Z] <<< [apiv2][status] GET https://firebase.googleapis.com/v1beta1/projects/io-extended-chandigarh 200
[debug] [2023-05-16T16:20:01.743Z] <<< [apiv2][body] GET https://firebase.googleapis.com/v1beta1/projects/io-extended-chandigarh {"projectId":"io-extended-chandigarh","projectNumber":"173033236617","displayName":"Google IO Extended Chandigarh","name":"projects/io-extended-chandigarh","resources":{"hostingSite":"io-extended-chandigarh"},"state":"ACTIVE","etag":"1_69acb170-f38e-46ba-a705-9416f9868b59"}
[info] 
[info] === Deploying to 'io-extended-chandigarh'...
[info] 
[info] i  deploying hosting 
[debug] [2023-05-16T16:20:01.751Z] >>> [apiv2][query] POST https://firebasehosting.googleapis.com/v1beta1/projects/-/sites/io-extended-chandigarh/versions [none]
[debug] [2023-05-16T16:20:01.751Z] >>> [apiv2][body] POST https://firebasehosting.googleapis.com/v1beta1/projects/-/sites/io-extended-chandigarh/versions {"status":"CREATED","labels":{"deployment-tool":"cli-firebase"}}
[debug] [2023-05-16T16:20:03.844Z] <<< [apiv2][status] POST https://firebasehosting.googleapis.com/v1beta1/projects/-/sites/io-extended-chandigarh/versions 200
[debug] [2023-05-16T16:20:03.845Z] <<< [apiv2][body] POST https://firebasehosting.googleapis.com/v1beta1/projects/-/sites/io-extended-chandigarh/versions {"name":"projects/173033236617/sites/io-extended-chandigarh/versions/09cc937409141209","status":"CREATED","config":{},"labels":{"deployment-tool":"cli-firebase"}}
[info] i  hosting[io-extended-chandigarh]: beginning deploy... 
[info] i  hosting[io-extended-chandigarh]: found 32 files in dist/io-gdg-chandigarh 
[debug] [2023-05-16T16:20:03.858Z] [hosting] uploading with 200 concurrency
[debug] [2023-05-16T16:20:03.903Z] [hosting] hash cache [ZGlzdFxpby1nZGctY2hhbmRpZ2FyaA] stored for 32 files
[debug] [2023-05-16T16:20:03.904Z] [hosting][hash queue][FINAL] {"max":39,"min":1,"avg":8.15625,"active":0,"complete":32,"success":32,"errored":0,"retried":0,"total":32,"elapsed":43}
[debug] [2023-05-16T16:20:03.904Z] >>> [apiv2][query] POST https://firebasehosting.googleapis.com/v1beta1/projects/173033236617/sites/io-extended-chandigarh/versions/09cc937409141209:populateFiles [none]
[debug] [2023-05-16T16:20:03.904Z] >>> [apiv2][body] POST https://firebasehosting.googleapis.com/v1beta1/projects/173033236617/sites/io-extended-chandigarh/versions/09cc937409141209:populateFiles {"files":{"/favicon.ico":"c236874c0b32ee388f1d05e4e741be23c2ea26b96d372fd9ce1884855976fdad\r","/assets/A-IOE23-WebBanner-2560x500.png":"2ce74748fb680e312872850f151de43f8e4fda091c7da9bab5c00a4f768446fe\r","/assets/A-IOE23-WebBanner-640x500.png":"5a86e877cc00650bea505cf53eecddd07cf61c7c0b99e471a2c640063614a5e7\r","/assets/B-IOE23-WebBanner-2560x500.png":"fce0decc7bd50c803220d1b9962a3dcdc594556adc8216f960afdd3a2ae071bd\r","/assets/B-IOE23-WebBanner-640x500.png":"ee3801b041badf5112615fb6a4a0c74cac7ba834aa673f1caf08bc34b4ae757a\r","/assets/C-IOE23-WebBanner-2560x500.png":"29dc5d8447fdf73ee344d3e8e6dfd9d006c4fe0c9043eda09235d6fe059b2dfc\r","/assets/C-IOE23-WebBanner-640x500.png":"0fae9cb1bbb7f74900dc5586e14f79d89cc5b7231b8ee8c979fdf221bc029e37\r","/assets/d4.jpeg":"6b6204714d2aa841ded6b43479d6a7f9e490a94c67d39401b981d77e12e37bdf","/assets/gdsc_logo.png":"a769f17447c5b2fede595e390511e7cfd3212c84932c414da3909bb8157fe36f","/assets/Google IO 2023 Logo.png":"707582dd8e6fe388e89c2c8d31e51d14f7e0e7f3d9d526c11352632ba7225250\r","/assets/IMG20220605172817.jpg":"6bc13e69f0774edace21f0fc2cb029720476e3e6b4585f17c45fb8fb945a1d0e\r","/assets/logo.png":"68f79ca0a2eb349b4badb40cdae6925e2d598492706bb5cd1ff55353212799d5\r","/assets/papaya_coders.jpg":"a56b54804d69efd10a85fdbc688d0f34ff9968ab7fb7f59ffd9474a98fe90d91","/assets/tfug.png":"a99d680b1f608bcc51d208863428d88689c13388c8d4d74391cc913301a0c9b7","/assets/gifs/IOE23_SaveTheDate.gif":"2a8dc7010f602c088647f4bf21e8c70c6e48d5c323457051023504748c39e7ad\r","/assets/gifs/IOE23_WatchParty.gif":"92789a5d676b47a299c1b1ff9c8d3950f2c8547812844292bb22495b9755e879\r","/assets/speakers/harneet.jpeg":"3053dee3ac7fe7e6f4ec1858ef57408719ff2982e5c92d066f704089b2805bea\r","/assets/speakers/loveleen.jpg":"d2b4a70875166a5736204f6d9fcbf9822472c5123cc91ab016524b55a8964693\r","/assets/speakers/yatin.jpeg":"4ce1bc2f558d5f0702ef5cb76c679fafdaa7c2e66a87b1d0109b7d1c851a1086\r","/3rdpartylicenses.txt":"05ab9e0e899e47650c44856ed870ebede9d6b00f95f8fc5bc470159a78e2364c","/polyfills.470d479003bb144c.js":"15692c360f387294bf37038fcf11e97ff06a61a0e22bfb9774f1fa0457c0d790","/runtime.e28407d0c3c2fac0.js":"e7696850aa27f726ea15a685fe6a1c592ad279920c6d9e5b4764d1f67ed175a0","/index.html":"1ef79fda3a03d225c077b15ddc908d21ca0ae9124d696f4f02042fae9e58ffb7","/fa-regular-400.02ad4ff91ef84f65.woff2":"c7cade12f8323feb4c2b6c1f6a71aa302aa71e82dc0e7e19ea319959b7f7b0f5","/fa-regular-400.570a165b064c1468.ttf":"001c629a2476cc04d8ca2ca945353e48d8a09e368c563bc4048a094a2b3eac8a","/fa-brands-400.9210030c21e68a90.woff2":"0d79990d2b8c0e1eaddbc511ab1a6bdeace580a4e908c13635d2a71af2bdc79d","/fa-solid-900.3eae9857c06e9372.woff2":"a455cc71530efd3124548b1f182e743f69274f53bd6f70618386976203a0cc26","/scripts.1283a3dada134aec.js":"4e0f93099f816665299d7f250a71fd70fec3b9f097a357e66cd67c9a30416a7e","/fa-brands-400.5f7c5bb77eae788b.ttf":"876ae94a6a46e86b43e4d773912ca51ef751664bbf30dbbaf266b0be91fe1f4a","/styles.f08f6c02c61e7cf9.css":"0fa28f38b367afa4b00769f795d113f849689b609324658ef2f58f37f2161325","/fa-solid-900.0b5caff7ad4bc179.ttf":"227a27a04c6ea4b776bfe99ed488c652c9fc109bac72f2afa5211199e0d460d7","/main.8b91b942244ba309.js":"aa7005f3e4aeff4492763d51902c2f77343804adb6b1dc7a1cc4074fd935d050"}}
[debug] [2023-05-16T16:20:06.063Z] <<< [apiv2][status] POST https://firebasehosting.googleapis.com/v1beta1/projects/173033236617/sites/io-extended-chandigarh/versions/09cc937409141209:populateFiles 200
[debug] [2023-05-16T16:20:06.063Z] <<< [apiv2][body] POST https://firebasehosting.googleapis.com/v1beta1/projects/173033236617/sites/io-extended-chandigarh/versions/09cc937409141209:populateFiles {"uploadRequiredHashes":["1ef79fda3a03d225c077b15ddc908d21ca0ae9124d696f4f02042fae9e58ffb7","aa7005f3e4aeff4492763d51902c2f77343804adb6b1dc7a1cc4074fd935d050"],"uploadUrl":"https://upload-firebasehosting.googleapis.com/upload/sites/io-extended-chandigarh/versions/09cc937409141209/files"}
[debug] [2023-05-16T16:20:06.064Z] >>> [apiv2][query] POST https://upload-firebasehosting.googleapis.com/upload/sites/io-extended-chandigarh/versions/09cc937409141209/files/1ef79fda3a03d225c077b15ddc908d21ca0ae9124d696f4f02042fae9e58ffb7 [none]
[debug] [2023-05-16T16:20:06.064Z] >>> [apiv2][body] POST https://upload-firebasehosting.googleapis.com/upload/sites/io-extended-chandigarh/versions/09cc937409141209/files/1ef79fda3a03d225c077b15ddc908d21ca0ae9124d696f4f02042fae9e58ffb7 [stream]
[debug] [2023-05-16T16:20:06.065Z] >>> [apiv2][query] POST https://upload-firebasehosting.googleapis.com/upload/sites/io-extended-chandigarh/versions/09cc937409141209/files/aa7005f3e4aeff4492763d51902c2f77343804adb6b1dc7a1cc4074fd935d050 [none]
[debug] [2023-05-16T16:20:06.065Z] >>> [apiv2][body] POST https://upload-firebasehosting.googleapis.com/upload/sites/io-extended-chandigarh/versions/09cc937409141209/files/aa7005f3e4aeff4492763d51902c2f77343804adb6b1dc7a1cc4074fd935d050 [stream]
[debug] [2023-05-16T16:20:06.066Z] [hosting][populate queue][FINAL] {"max":2162,"min":2162,"avg":2162,"active":0,"complete":1,"success":1,"errored":0,"retried":0,"total":1,"elapsed":2164}
[debug] [2023-05-16T16:20:06.066Z] [hosting] uploads queued: 2
[debug] [2023-05-16T16:20:07.619Z] <<< [apiv2][status] POST https://upload-firebasehosting.googleapis.com/upload/sites/io-extended-chandigarh/versions/09cc937409141209/files/1ef79fda3a03d225c077b15ddc908d21ca0ae9124d696f4f02042fae9e58ffb7 200
[debug] [2023-05-16T16:20:07.619Z] <<< [apiv2][body] POST https://upload-firebasehosting.googleapis.com/upload/sites/io-extended-chandigarh/versions/09cc937409141209/files/1ef79fda3a03d225c077b15ddc908d21ca0ae9124d696f4f02042fae9e58ffb7 [stream]
[debug] [2023-05-16T16:20:07.736Z] <<< [apiv2][status] POST https://upload-firebasehosting.googleapis.com/upload/sites/io-extended-chandigarh/versions/09cc937409141209/files/aa7005f3e4aeff4492763d51902c2f77343804adb6b1dc7a1cc4074fd935d050 200
[debug] [2023-05-16T16:20:07.736Z] <<< [apiv2][body] POST https://upload-firebasehosting.googleapis.com/upload/sites/io-extended-chandigarh/versions/09cc937409141209/files/aa7005f3e4aeff4492763d51902c2f77343804adb6b1dc7a1cc4074fd935d050 [stream]
[debug] [2023-05-16T16:20:07.736Z] [hosting][upload queue][FINAL] {"max":1673,"min":1556,"avg":1614.5,"active":0,"complete":2,"success":2,"errored":0,"retried":0,"total":2,"elapsed":1673}
[info] +  hosting[io-extended-chandigarh]: file upload complete 
[debug] [2023-05-16T16:20:07.737Z] [hosting] deploy completed after 3890ms
[debug] [2023-05-16T16:20:07.740Z] [
  {
    "config": {
      "public": "dist/io-gdg-chandigarh",
      "ignore": [
        "firebase.json",
        "**/.*",
        "**/node_modules/**"
      ],
      "rewrites": [
        {
          "source": "**",
          "destination": "/index.html"
        }
      ],
      "site": "io-extended-chandigarh"
    },
    "version": "projects/173033236617/sites/io-extended-chandigarh/versions/09cc937409141209"
  }
]
[info] i  hosting[io-extended-chandigarh]: finalizing version... 
[debug] [2023-05-16T16:20:07.742Z] >>> [apiv2][query] PATCH https://firebasehosting.googleapis.com/v1beta1/projects/-/sites/io-extended-chandigarh/versions/09cc937409141209 updateMask=status%2Cconfig
[debug] [2023-05-16T16:20:07.742Z] >>> [apiv2][body] PATCH https://firebasehosting.googleapis.com/v1beta1/projects/-/sites/io-extended-chandigarh/versions/09cc937409141209 {"status":"FINALIZED","config":{"rewrites":[{"glob":"**","path":"/index.html"}]}}
[debug] [2023-05-16T16:20:09.597Z] <<< [apiv2][status] PATCH https://firebasehosting.googleapis.com/v1beta1/projects/-/sites/io-extended-chandigarh/versions/09cc937409141209 200
[debug] [2023-05-16T16:20:09.598Z] <<< [apiv2][body] PATCH https://firebasehosting.googleapis.com/v1beta1/projects/-/sites/io-extended-chandigarh/versions/09cc937409141209 {"name":"projects/173033236617/sites/io-extended-chandigarh/versions/09cc937409141209","status":"FINALIZED","config":{"rewrites":[{"glob":"**","path":"/index.html"}]},"labels":{"deployment-tool":"cli-firebase"},"createTime":"2023-05-16T16:20:13.186961Z","createUser":{"email":"prnvkmr954@gmail.com"},"finalizeTime":"2023-05-16T16:20:18.694038Z","finalizeUser":{"email":"prnvkmr954@gmail.com"}}
[debug] [2023-05-16T16:20:09.598Z] [hosting] finalized version for io-extended-chandigarh:[object Object]
[info] +  hosting[io-extended-chandigarh]: version finalized 
[info] i  hosting[io-extended-chandigarh]: releasing new version... 
[debug] [2023-05-16T16:20:09.599Z] >>> [apiv2][query] POST https://firebasehosting.googleapis.com/v1beta1/projects/-/sites/io-extended-chandigarh/channels/live/releases versionName=projects%2F173033236617%2Fsites%2Fio-extended-chandigarh%2Fversions%2F09cc937409141209
[debug] [2023-05-16T16:20:09.600Z] >>> [apiv2][body] POST https://firebasehosting.googleapis.com/v1beta1/projects/-/sites/io-extended-chandigarh/channels/live/releases {}
[debug] [2023-05-16T16:20:11.184Z] <<< [apiv2][status] POST https://firebasehosting.googleapis.com/v1beta1/projects/-/sites/io-extended-chandigarh/channels/live/releases 200
[debug] [2023-05-16T16:20:11.184Z] <<< [apiv2][body] POST https://firebasehosting.googleapis.com/v1beta1/projects/-/sites/io-extended-chandigarh/channels/live/releases {"name":"projects/173033236617/sites/io-extended-chandigarh/channels/live/releases/1684254019910000","version":{"name":"projects/173033236617/sites/io-extended-chandigarh/versions/09cc937409141209","status":"FINALIZED","config":{"rewrites":[{"glob":"**","path":"/index.html"}]},"labels":{"deployment-tool":"cli-firebase"},"createTime":"2023-05-16T16:20:13.186961Z","createUser":{"email":"prnvkmr954@gmail.com","imageUrl":"https://lh3.googleusercontent.com/a/AGNmyxZnR6J7gxTmY869TVEvMISg-XVFAUbVrLVkiuMx2JY"},"finalizeTime":"2023-05-16T16:20:18.694038Z","finalizeUser":{"email":"prnvkmr954@gmail.com","imageUrl":"https://lh3.googleusercontent.com/a/AGNmyxZnR6J7gxTmY869TVEvMISg-XVFAUbVrLVkiuMx2JY"}},"type":"DEPLOY","releaseTime":"2023-05-16T16:20:19.910Z","releaseUser":{"email":"prnvkmr954@gmail.com","imageUrl":"https://lh3.googleusercontent.com/a/AGNmyxZnR6J7gxTmY869TVEvMISg-XVFAUbVrLVkiuMx2JY"}}
[debug] [2023-05-16T16:20:11.184Z] [hosting] release: {"name":"projects/173033236617/sites/io-extended-chandigarh/channels/live/releases/1684254019910000","version":{"name":"projects/173033236617/sites/io-extended-chandigarh/versions/09cc937409141209","status":"FINALIZED","config":{"rewrites":[{"glob":"**","path":"/index.html"}]},"labels":{"deployment-tool":"cli-firebase"},"createTime":"2023-05-16T16:20:13.186961Z","createUser":{"email":"prnvkmr954@gmail.com","imageUrl":"https://lh3.googleusercontent.com/a/AGNmyxZnR6J7gxTmY869TVEvMISg-XVFAUbVrLVkiuMx2JY"},"finalizeTime":"2023-05-16T16:20:18.694038Z","finalizeUser":{"email":"prnvkmr954@gmail.com","imageUrl":"https://lh3.googleusercontent.com/a/AGNmyxZnR6J7gxTmY869TVEvMISg-XVFAUbVrLVkiuMx2JY"}},"type":"DEPLOY","releaseTime":"2023-05-16T16:20:19.910Z","releaseUser":{"email":"prnvkmr954@gmail.com","imageUrl":"https://lh3.googleusercontent.com/a/AGNmyxZnR6J7gxTmY869TVEvMISg-XVFAUbVrLVkiuMx2JY"}}
[info] +  hosting[io-extended-chandigarh]: release complete 
[info] 
[info] +  Deploy complete! 
[info] 
[info] Project Console: https://console.firebase.google.com/project/io-extended-chandigarh/overview
[info] Hosting URL: https://io-extended-chandigarh.web.app
[debug] [2023-05-16T16:20:18.350Z] Error: Timed out.
    at Timeout._onTimeout (C:\Users\sanup\AppData\Roaming\npm\node_modules\firebase-tools\lib\utils.js:253:49)
    at listOnTimeout (node:internal/timers:569:17)
    at process.processTimers (node:internal/timers:512:7)
[error] 
[error] Error: An unexpected error has occurred.
